Vivado Simulator 2017.4
Time resolution is 1 ps
 Block Memory Generator module loading initial data...
 Block Memory Generator data initialization complete.
Block Memory Generator module ZynqBF_2tx_tb.dut.u_channel_estimator.u_correlators.u_rx_bram.rxi_ram1.inst.native_mem_module.blk_mem_gen_v8_4_1_inst is using a behavioral model for simulation which will not precisely model memory collision behavior.
 Block Memory Generator module loading initial data...
 Block Memory Generator data initialization complete.
Block Memory Generator module ZynqBF_2tx_tb.dut.u_channel_estimator.u_correlators.u_rx_bram.rxq_ram1.inst.native_mem_module.blk_mem_gen_v8_4_1_inst is using a behavioral model for simulation which will not precisely model memory collision behavior.
 Block Memory Generator module loading initial data...
 Block Memory Generator data initialization complete.
Block Memory Generator module ZynqBF_2tx_tb.dut.u_channel_estimator.u_correlators.u_gs.\gen_rams(1)\.u_gs_ram_i.gen_gs1.u_gsram1.inst.native_mem_module.blk_mem_gen_v8_4_1_inst is using a behavioral model for simulation which will not precisely model memory collision behavior.
 Block Memory Generator module loading initial data...
 Block Memory Generator data initialization complete.
Block Memory Generator module ZynqBF_2tx_tb.dut.u_channel_estimator.u_correlators.u_gs.\gen_rams(2)\.u_gs_ram_i.gen_gs2.u_gsram2.inst.native_mem_module.blk_mem_gen_v8_4_1_inst is using a behavioral model for simulation which will not precisely model memory collision behavior.
 Block Memory Generator module loading initial data...
 Block Memory Generator data initialization complete.
Block Memory Generator module ZynqBF_2tx_tb.dut.u_channel_estimator.u_correlators.u_gs.\gen_rams(3)\.u_gs_ram_i.gen_gs3.u_gsram3.inst.native_mem_module.blk_mem_gen_v8_4_1_inst is using a behavioral model for simulation which will not precisely model memory collision behavior.
 Block Memory Generator module loading initial data...
 Block Memory Generator data initialization complete.
Block Memory Generator module ZynqBF_2tx_tb.dut.u_channel_estimator.u_correlators.u_gs.\gen_rams(4)\.u_gs_ram_i.gen_gs4.u_gsram4.inst.native_mem_module.blk_mem_gen_v8_4_1_inst is using a behavioral model for simulation which will not precisely model memory collision behavior.
 Block Memory Generator module loading initial data...
 Block Memory Generator data initialization complete.
Block Memory Generator module ZynqBF_2tx_tb.dut.u_channel_estimator.u_correlators.u_gs.\gen_rams(5)\.u_gs_ram_i.gen_gs5.u_gsram5.inst.native_mem_module.blk_mem_gen_v8_4_1_inst is using a behavioral model for simulation which will not precisely model memory collision behavior.
 Block Memory Generator module loading initial data...
 Block Memory Generator data initialization complete.
Block Memory Generator module ZynqBF_2tx_tb.dut.u_channel_estimator.u_correlators.u_rx_bram.rxi_ram1.inst.native_mem_module.blk_mem_gen_v8_4_1_inst is using a behavioral model for simulation which will not precisely model memory collision behavior.
 Block Memory Generator module loading initial data...
 Block Memory Generator data initialization complete.
Block Memory Generator module ZynqBF_2tx_tb.dut.u_channel_estimator.u_correlators.u_rx_bram.rxq_ram1.inst.native_mem_module.blk_mem_gen_v8_4_1_inst is using a behavioral model for simulation which will not precisely model memory collision behavior.
 Block Memory Generator module loading initial data...
 Block Memory Generator data initialization complete.
Block Memory Generator module ZynqBF_2tx_tb.dut.u_channel_estimator.u_correlators.u_gs.\gen_rams(1)\.u_gs_ram_i.gen_gs1.u_gsram1.inst.native_mem_module.blk_mem_gen_v8_4_1_inst is using a behavioral model for simulation which will not precisely model memory collision behavior.
 Block Memory Generator module loading initial data...
 Block Memory Generator data initialization complete.
Block Memory Generator module ZynqBF_2tx_tb.dut.u_channel_estimator.u_correlators.u_gs.\gen_rams(2)\.u_gs_ram_i.gen_gs2.u_gsram2.inst.native_mem_module.blk_mem_gen_v8_4_1_inst is using a behavioral model for simulation which will not precisely model memory collision behavior.
 Block Memory Generator module loading initial data...
 Block Memory Generator data initialization complete.
Block Memory Generator module ZynqBF_2tx_tb.dut.u_channel_estimator.u_correlators.u_gs.\gen_rams(3)\.u_gs_ram_i.gen_gs3.u_gsram3.inst.native_mem_module.blk_mem_gen_v8_4_1_inst is using a behavioral model for simulation which will not precisely model memory collision behavior.
 Block Memory Generator module loading initial data...
 Block Memory Generator data initialization complete.
Block Memory Generator module ZynqBF_2tx_tb.dut.u_channel_estimator.u_correlators.u_gs.\gen_rams(4)\.u_gs_ram_i.gen_gs4.u_gsram4.inst.native_mem_module.blk_mem_gen_v8_4_1_inst is using a behavioral model for simulation which will not precisely model memory collision behavior.
 Block Memory Generator module loading initial data...
 Block Memory Generator data initialization complete.
Block Memory Generator module ZynqBF_2tx_tb.dut.u_channel_estimator.u_correlators.u_gs.\gen_rams(5)\.u_gs_ram_i.gen_gs5.u_gsram5.inst.native_mem_module.blk_mem_gen_v8_4_1_inst is using a behavioral model for simulation which will not precisely model memory collision behavior.
