#-----------------------------------------------------------
# Webtalk v2017.4 (64-bit)
# SW Build 2086221 on Fri Dec 15 20:54:30 MST 2017
# 
# Start of session at: Tue Apr 16 14:59:41 2019
# Process ID: 26191
# Current directory: /home/jason/matlab/Projects/ZynqBF_2tx/hdl_prj/vivado_ip_prj/vivado_prj.sdk/webtalk
# Command line: wbtcv -mode batch -source sdk_webtalk.tcl
# Log file: /home/jason/matlab/Projects/ZynqBF_2tx/hdl_prj/vivado_ip_prj/vivado_prj.sdk/webtalk/webtalk.log
# Journal file: /home/jason/matlab/Projects/ZynqBF_2tx/hdl_prj/vivado_ip_prj/vivado_prj.sdk/webtalk/webtalk.jou
#-----------------------------------------------------------
source sdk_webtalk.tcl
# webtalk_init -webtalk_dir /home/jason/matlab/Projects/ZynqBF_2tx/hdl_prj/vivado_ip_prj/vivado_prj.sdk/webtalk
# webtalk_register_client -client project
# webtalk_add_data -client project -key date_generated -value "2019-04-16 14:59:23" -context "software_version_and_target_device"
# webtalk_add_data -client project -key product_version -value "SDK v2017.4" -context "software_version_and_target_device"
# webtalk_add_data -client project -key build_version -value "2017.4" -context "software_version_and_target_device"
# webtalk_add_data -client project -key os_platform -value "amd64" -context "software_version_and_target_device"
# webtalk_add_data -client project -key registration_id -value "174127804_174169829_210650804_266" -context "software_version_and_target_device"
# webtalk_add_data -client project -key tool_flow -value "SDK" -context "software_version_and_target_device"
# webtalk_add_data -client project -key beta -value "false" -context "software_version_and_target_device"
# webtalk_add_data -client project -key route_design -value "NA" -context "software_version_and_target_device"
# webtalk_add_data -client project -key target_family -value "NA" -context "software_version_and_target_device"
# webtalk_add_data -client project -key target_device -value "NA" -context "software_version_and_target_device"
# webtalk_add_data -client project -key target_package -value "NA" -context "software_version_and_target_device"
# webtalk_add_data -client project -key target_speed -value "NA" -context "software_version_and_target_device"
# webtalk_add_data -client project -key random_id -value "e7965nnoj17537jodj39bm1tgt" -context "software_version_and_target_device"
# webtalk_add_data -client project -key project_id -value "2017.4_20" -context "software_version_and_target_device"
# webtalk_add_data -client project -key project_iteration -value "20" -context "software_version_and_target_device"
# webtalk_add_data -client project -key os_name -value "Ubuntu" -context "user_environment"
# webtalk_add_data -client project -key os_release -value "Ubuntu 16.04.3 LTS" -context "user_environment"
# webtalk_add_data -client project -key cpu_name -value "Intel(R) Core(TM) i7-4770 CPU @ 3.40GHz" -context "user_environment"
# webtalk_add_data -client project -key cpu_speed -value "3623.083 MHz" -context "user_environment"
# webtalk_add_data -client project -key total_processors -value "1" -context "user_environment"
# webtalk_add_data -client project -key system_ram -value "8.273 GB" -context "user_environment"
# webtalk_register_client -client sdk
# webtalk_add_data -client sdk -key uid -value "1555344520000" -context "sdk\\\\hardware/1555344520000"
# webtalk_add_data -client sdk -key isZynq -value "true" -context "sdk\\\\hardware/1555344520000"
# webtalk_add_data -client sdk -key isZynqMP -value "false" -context "sdk\\\\hardware/1555344520000"
# webtalk_add_data -client sdk -key Processors -value "2" -context "sdk\\\\hardware/1555344520000"
# webtalk_add_data -client sdk -key VivadoVersion -value "2017.4" -context "sdk\\\\hardware/1555344520000"
# webtalk_add_data -client sdk -key Arch -value "zynq" -context "sdk\\\\hardware/1555344520000"
# webtalk_add_data -client sdk -key Device -value "7z045" -context "sdk\\\\hardware/1555344520000"
# webtalk_add_data -client sdk -key IsHandoff -value "true" -context "sdk\\\\hardware/1555344520000"
# webtalk_add_data -client sdk -key os -value "NA" -context "sdk\\\\hardware/1555344520000"
# webtalk_add_data -client sdk -key apptemplate -value "NA" -context "sdk\\\\hardware/1555344520000"
# webtalk_add_data -client sdk -key RecordType -value "HWCreation" -context "sdk\\\\hardware/1555344520000"
# webtalk_add_data -client sdk -key uid -value "1555344582000" -context "sdk\\\\bsp/1555344582000"
# webtalk_add_data -client sdk -key hwid -value "1555344520000" -context "sdk\\\\bsp/1555344582000"
# webtalk_add_data -client sdk -key os -value "standalone" -context "sdk\\\\bsp/1555344582000"
# webtalk_add_data -client sdk -key apptemplate -value "null" -context "sdk\\\\bsp/1555344582000"
# webtalk_add_data -client sdk -key RecordType -value "BSPCreation" -context "sdk\\\\bsp/1555344582000"
# webtalk_add_data -client sdk -key uid -value "NA" -context "sdk\\\\bsp/1555441160096"
# webtalk_add_data -client sdk -key RecordType -value "ToolUsage" -context "sdk\\\\bsp/1555441160096"
# webtalk_add_data -client sdk -key BootgenCount -value "0" -context "sdk\\\\bsp/1555441160096"
# webtalk_add_data -client sdk -key DebugCount -value "0" -context "sdk\\\\bsp/1555441160096"
# webtalk_add_data -client sdk -key PerfCount -value "0" -context "sdk\\\\bsp/1555441160096"
# webtalk_add_data -client sdk -key FlashCount -value "0" -context "sdk\\\\bsp/1555441160096"
# webtalk_add_data -client sdk -key CrossTriggCount -value "0" -context "sdk\\\\bsp/1555441160096"
# webtalk_add_data -client sdk -key QemuDebugCount -value "0" -context "sdk\\\\bsp/1555441160096"
# webtalk_transmit -clientid 2082837677 -regid "174127804_174169829_210650804_266" -xml /home/jason/matlab/Projects/ZynqBF_2tx/hdl_prj/vivado_ip_prj/vivado_prj.sdk/webtalk/usage_statistics_ext_sdk.xml -html /home/jason/matlab/Projects/ZynqBF_2tx/hdl_prj/vivado_ip_prj/vivado_prj.sdk/webtalk/usage_statistics_ext_sdk.html -wdm /home/jason/matlab/Projects/ZynqBF_2tx/hdl_prj/vivado_ip_prj/vivado_prj.sdk/webtalk/sdk_webtalk.wdm -intro "<H3>SDK Usage Report</H3><BR>"
# webtalk_terminate
INFO: [Common 17-206] Exiting Webtalk at Tue Apr 16 14:59:44 2019...
