Copyright 1986-2017 Xilinx, Inc. All Rights Reserved.
---------------------------------------------------------------------------------------------------------------
| Tool Version : Vivado v.2017.4 (lin64) Build 2086221 Fri Dec 15 20:54:30 MST 2017
| Date         : Wed Apr 10 11:47:38 2019
| Host         : jason-OptiPlex-9020 running 64-bit Ubuntu 16.04.3 LTS
| Command      : report_utilization -file system_top_utilization_synth.rpt -pb system_top_utilization_synth.pb
| Design       : system_top
| Device       : 7z045ffg900-2
| Design State : Synthesized
---------------------------------------------------------------------------------------------------------------

Utilization Design Information

Table of Contents
-----------------
1. Slice Logic
1.1 Summary of Registers by Type
2. Memory
3. DSP
4. IO and GT Specific
5. Clocking
6. Specific Feature
7. Primitives
8. Black Boxes
9. Instantiated Netlists

1. Slice Logic
--------------

+----------------------------+-------+-------+-----------+-------+
|          Site Type         |  Used | Fixed | Available | Util% |
+----------------------------+-------+-------+-----------+-------+
| Slice LUTs*                | 26440 |     0 |    218600 | 12.10 |
|   LUT as Logic             | 24637 |     0 |    218600 | 11.27 |
|   LUT as Memory            |  1803 |     0 |     70400 |  2.56 |
|     LUT as Distributed RAM |   152 |     0 |           |       |
|     LUT as Shift Register  |  1651 |     0 |           |       |
| Slice Registers            | 50194 |     0 |    437200 | 11.48 |
|   Register as Flip Flop    | 50194 |     0 |    437200 | 11.48 |
|   Register as Latch        |     0 |     0 |    437200 |  0.00 |
| F7 Muxes                   |   729 |     0 |    109300 |  0.67 |
| F8 Muxes                   |    86 |     0 |     54650 |  0.16 |
+----------------------------+-------+-------+-----------+-------+
* Warning! The Final LUT count, after physical optimizations and full implementation, is typically lower. Run opt_design after synthesis, if not already completed, for a more realistic count.


1.1 Summary of Registers by Type
--------------------------------

+-------+--------------+-------------+--------------+
| Total | Clock Enable | Synchronous | Asynchronous |
+-------+--------------+-------------+--------------+
| 0     |            _ |           - |            - |
| 0     |            _ |           - |          Set |
| 0     |            _ |           - |        Reset |
| 0     |            _ |         Set |            - |
| 0     |            _ |       Reset |            - |
| 0     |          Yes |           - |            - |
| 123   |          Yes |           - |          Set |
| 4351  |          Yes |           - |        Reset |
| 569   |          Yes |         Set |            - |
| 45151 |          Yes |       Reset |            - |
+-------+--------------+-------------+--------------+


2. Memory
---------

+-------------------+------+-------+-----------+-------+
|     Site Type     | Used | Fixed | Available | Util% |
+-------------------+------+-------+-----------+-------+
| Block RAM Tile    |   76 |     0 |       545 | 13.94 |
|   RAMB36/FIFO*    |   73 |     0 |       545 | 13.39 |
|     FIFO36E1 only |    2 |       |           |       |
|     RAMB36E1 only |   71 |       |           |       |
|   RAMB18          |    6 |     0 |      1090 |  0.55 |
|     FIFO18E1 only |    1 |       |           |       |
|     RAMB18E1 only |    5 |       |           |       |
+-------------------+------+-------+-----------+-------+
* Note: Each Block RAM Tile only has one FIFO logic available and therefore can accommodate only one FIFO36E1 or one FIFO18E1. However, if a FIFO18E1 occupies a Block RAM Tile, that tile can still accommodate a RAMB18E1


3. DSP
------

+----------------+------+-------+-----------+-------+
|    Site Type   | Used | Fixed | Available | Util% |
+----------------+------+-------+-----------+-------+
| DSPs           |  390 |     0 |       900 | 43.33 |
|   DSP48E1 only |  390 |       |           |       |
+----------------+------+-------+-----------+-------+


4. IO and GT Specific
---------------------

+-----------------------------+------+-------+-----------+--------+
|          Site Type          | Used | Fixed | Available |  Util% |
+-----------------------------+------+-------+-----------+--------+
| Bonded IOB                  |   77 |     0 |       362 |  21.27 |
| Bonded IPADs                |    0 |     0 |        50 |   0.00 |
| Bonded OPADs                |    0 |     0 |        32 |   0.00 |
| Bonded IOPADs               |  130 |     0 |       130 | 100.00 |
| PHY_CONTROL                 |    0 |     0 |         8 |   0.00 |
| PHASER_REF                  |    0 |     0 |         8 |   0.00 |
| OUT_FIFO                    |    0 |     0 |        32 |   0.00 |
| IN_FIFO                     |    0 |     0 |        32 |   0.00 |
| IDELAYCTRL                  |    1 |     0 |         8 |  12.50 |
| IBUFDS                      |    8 |     0 |       348 |   2.30 |
| GTXE2_COMMON                |    0 |     0 |         4 |   0.00 |
| GTXE2_CHANNEL               |    0 |     0 |        16 |   0.00 |
| PHASER_OUT/PHASER_OUT_PHY   |    0 |     0 |        32 |   0.00 |
| PHASER_IN/PHASER_IN_PHY     |    0 |     0 |        32 |   0.00 |
| IDELAYE2/IDELAYE2_FINEDELAY |    7 |     0 |       400 |   1.75 |
|   IDELAYE2 only             |    7 |     0 |           |        |
| ODELAYE2/ODELAYE2_FINEDELAY |    0 |     0 |       150 |   0.00 |
| IBUFDS_GTE2                 |    0 |     0 |         8 |   0.00 |
| ILOGIC                      |    7 |     0 |       362 |   1.93 |
|   IDDR                      |    7 |       |           |        |
| OLOGIC                      |   10 |     0 |       362 |   2.76 |
|   ODDR                      |   10 |       |           |        |
+-----------------------------+------+-------+-----------+--------+


5. Clocking
-----------

+------------+------+-------+-----------+-------+
|  Site Type | Used | Fixed | Available | Util% |
+------------+------+-------+-----------+-------+
| BUFGCTRL   |    5 |     0 |        32 | 15.63 |
| BUFIO      |    0 |     0 |        32 |  0.00 |
| MMCME2_ADV |    0 |     0 |         8 |  0.00 |
| PLLE2_ADV  |    0 |     0 |         8 |  0.00 |
| BUFMRCE    |    0 |     0 |        16 |  0.00 |
| BUFHCE     |    0 |     0 |       168 |  0.00 |
| BUFR       |    2 |     0 |        32 |  6.25 |
+------------+------+-------+-----------+-------+


6. Specific Feature
-------------------

+-------------+------+-------+-----------+-------+
|  Site Type  | Used | Fixed | Available | Util% |
+-------------+------+-------+-----------+-------+
| BSCANE2     |    0 |     0 |         4 |  0.00 |
| CAPTUREE2   |    0 |     0 |         1 |  0.00 |
| DNA_PORT    |    0 |     0 |         1 |  0.00 |
| EFUSE_USR   |    0 |     0 |         1 |  0.00 |
| FRAME_ECCE2 |    0 |     0 |         1 |  0.00 |
| ICAPE2      |    0 |     0 |         2 |  0.00 |
| PCIE_2_1    |    0 |     0 |         1 |  0.00 |
| STARTUPE2   |    0 |     0 |         1 |  0.00 |
| XADC        |    0 |     0 |         1 |  0.00 |
+-------------+------+-------+-----------+-------+


7. Primitives
-------------

+------------+-------+----------------------+
|  Ref Name  |  Used |  Functional Category |
+------------+-------+----------------------+
| FDRE       | 45151 |         Flop & Latch |
| LUT6       | 11593 |                  LUT |
| LUT3       |  7650 |                  LUT |
| FDCE       |  4351 |         Flop & Latch |
| LUT2       |  3949 |                  LUT |
| LUT4       |  3479 |                  LUT |
| LUT5       |  2230 |                  LUT |
| CARRY4     |  1827 |           CarryLogic |
| LUT1       |  1717 |                  LUT |
| SRL16E     |  1317 |   Distributed Memory |
| MUXF7      |   729 |                MuxFx |
| FDSE       |   569 |         Flop & Latch |
| DSP48E1    |   390 |     Block Arithmetic |
| SRLC32E    |   334 |   Distributed Memory |
| RAMD32     |   228 |   Distributed Memory |
| BIBUF      |   130 |                   IO |
| FDPE       |   123 |         Flop & Latch |
| MUXF8      |    86 |                MuxFx |
| RAMS32     |    76 |   Distributed Memory |
| RAMB36E1   |    71 |         Block Memory |
| IBUF       |    34 |                   IO |
| OBUFT      |    33 |                   IO |
| OBUFDS     |    16 |                   IO |
| OBUF       |    11 |                   IO |
| ODDR       |    10 |                   IO |
| INV        |     8 |                  LUT |
| IBUFDS     |     8 |                   IO |
| IDELAYE2   |     7 |                   IO |
| IDDR       |     7 |                   IO |
| RAMB18E1   |     5 |         Block Memory |
| BUFG       |     4 |                Clock |
| FIFO36E1   |     2 |         Block Memory |
| BUFR       |     2 |                Clock |
| PS7        |     1 | Specialized Resource |
| IDELAYCTRL |     1 |                   IO |
| FIFO18E1   |     1 |         Block Memory |
| BUFGCTRL   |     1 |                Clock |
+------------+-------+----------------------+


8. Black Boxes
--------------

+----------+------+
| Ref Name | Used |
+----------+------+


9. Instantiated Netlists
------------------------

+----------+------+
| Ref Name | Used |
+----------+------+


